#
# A fatal error has been detected by the Java Runtime Environment:
#
#  EXCEPTION_UNCAUGHT_CXX_EXCEPTION (0xe06d7363) at pc=0x74c8c41f, pid=7560, tid=4756
#
# JRE version: Java(TM) SE Runtime Environment (8.0-b128) (build 1.8.0-b128)
# Java VM: Java HotSpot(TM) Client VM (25.0-b69 mixed mode windows-x86 )
# Problematic frame:
# C  [KERNELBASE.dll+0xc41f]
#
# Failed to write core dump. Minidumps are not enabled by default on client versions of Windows
#
# If you would like to submit a bug report, please visit:
#   http://bugreport.sun.com/bugreport/crash.jsp
# The crash happened outside the Java Virtual Machine in native code.
# See problematic frame for where to report the bug.
#

---------------  T H R E A D  ---------------

Current thread (0x14e4e800):  JavaThread "JavaFX Application Thread" [_thread_in_native, id=4756, stack(0x15e40000,0x15e90000)]

siginfo: ExceptionCode=0xe06d7363, ExceptionInformation=0x19930520 0x15e8e428 0x77c4c888 

Registers:
EAX=0x15e8e390, EBX=0x00000000, ECX=0x00000003, EDX=0x00000000
ESP=0x15e8e390, EBP=0x15e8e3e0, ESI=0x77c4c7ec, EDI=0x77ce8518
EIP=0x74c8c41f, EFLAGS=0x00200216

Top of Stack: (sp=0x15e8e390)
0x15e8e390:   e06d7363 00000001 00000000 74c8c41f
0x15e8e3a0:   00000003 19930520 15e8e428 77c4c888
0x15e8e3b0:   00000004 00000000 77ce8518 00000000
0x15e8e3c0:   77c4c7ec 15e8e3d0 77c40949 77ce54c0
0x15e8e3d0:   15e8e410 77c4260c 00000008 77c4a9e5
0x15e8e3e0:   15e8e418 77c5872d e06d7363 00000001
0x15e8e3f0:   00000003 15e8e40c e06d7363 00000001
0x15e8e400:   00000000 00000000 00000003 19930520 

Instructions: (pc=0x74c8c41f)
0x74c8c3ff:   02 50 ff 75 14 8d 45 c4 50 e8 55 ad 02 00 83 c4
0x74c8c40f:   0c eb 03 89 45 c0 8d 45 b0 50 ff 15 5c 11 c8 74
0x74c8c41f:   c9 c2 10 00 cc cc cc cc cc 8b ff 55 8b ec 56 8b
0x74c8c42f:   75 08 83 fe f4 72 18 83 fe f6 77 13 8d 45 08 50 


Register to memory mapping:

EAX=0x15e8e390 is pointing into the stack for thread: 0x14e4e800
EBX=0x00000000 is an unknown value
ECX=0x00000003 is an unknown value
EDX=0x00000000 is an unknown value
ESP=0x15e8e390 is pointing into the stack for thread: 0x14e4e800
EBP=0x15e8e3e0 is pointing into the stack for thread: 0x14e4e800
ESI=0x77c4c7ec is an unknown value
EDI=0x77ce8518 is an unknown value


Stack: [0x15e40000,0x15e90000],  sp=0x15e8e390,  free space=312k
Native frames: (J=compiled Java code, j=interpreted, Vv=VM code, C=native code)
C  [KERNELBASE.dll+0xc41f]
C  [msvcr100.dll+0x2872d]
C  [msvcr100.dll+0x3f30f]

Java frames: (J=compiled Java code, j=interpreted, Vv=VM code)
j  com.sun.webkit.WebPage.twkPrePaint(J)V+0
j  com.sun.webkit.WebPage.updateDirty(Lcom/sun/webkit/graphics/WCRectangle;)V+117
j  com.sun.webkit.WebPage.updateContent(Lcom/sun/webkit/graphics/WCRectangle;)V+38
j  com.sun.javafx.sg.prism.NGWebView.update()V+68
J 2019 C1 javafx.scene.web.WebView.handleStagePulse()V (113 bytes) @ 0x029f7b28 [0x029f75a0+0x588]
J 2015 C1 javafx.scene.web.WebView$3.pulse()V (8 bytes) @ 0x029f6480 [0x029f6450+0x30]
J 1795 C1 com.sun.javafx.tk.Toolkit$3.run()Ljava/lang/Object; (5 bytes) @ 0x029ad6c0 [0x029ad690+0x30]
v  ~StubRoutines::call_stub
J 1396  java.security.AccessController.doPrivileged(Ljava/security/PrivilegedAction;Ljava/security/AccessControlContext;)Ljava/lang/Object; (0 bytes) @ 0x0291ac87 [0x0291ac20+0x67]
J 1788 C1 com.sun.javafx.tk.Toolkit.firePulse()V (279 bytes) @ 0x029aa458 [0x029aa050+0x408]
J 1990 C1 com.sun.javafx.tk.quantum.QuantumToolkit.pulse(Z)V (136 bytes) @ 0x029edeb8 [0x029ede20+0x98]
J 2011 C1 com.sun.javafx.tk.quantum.QuantumToolkit$13.run()V (8 bytes) @ 0x029f5a84 [0x029f5a50+0x34]
J 1975 C1 com.sun.glass.ui.InvokeLaterDispatcher$Future.run()V (91 bytes) @ 0x029e9940 [0x029e9910+0x30]
v  ~StubRoutines::call_stub
j  com.sun.glass.ui.win.WinApplication._runLoop(Ljava/lang/Runnable;)V+0
j  com.sun.glass.ui.win.WinApplication.access$300(Lcom/sun/glass/ui/win/WinApplication;Ljava/lang/Runnable;)V+2
j  com.sun.glass.ui.win.WinApplication$4$1.run()V+25
j  java.lang.Thread.run()V+11
v  ~StubRoutines::call_stub

---------------  P R O C E S S  ---------------

Java Threads: ( => current thread )
  0x26a3ac00 JavaThread "URL-Loader-42" daemon [_thread_blocked, id=2972, stack(0x249c0000,0x24a10000)]
  0x21a75000 JavaThread "URL-Loader-41" daemon [_thread_blocked, id=7132, stack(0x22fd0000,0x23020000)]
  0x21a74c00 JavaThread "URL-Loader-40" daemon [_thread_blocked, id=7332, stack(0x22ed0000,0x22f20000)]
  0x21a74400 JavaThread "URL-Loader-39" daemon [_thread_blocked, id=5404, stack(0x22b90000,0x22be0000)]
  0x21a74000 JavaThread "URL-Loader-38" daemon [_thread_blocked, id=8636, stack(0x22e50000,0x22ea0000)]
  0x21a73800 JavaThread "URL-Loader-37" daemon [_thread_blocked, id=5408, stack(0x22e00000,0x22e50000)]
  0x21a73400 JavaThread "URL-Loader-36" daemon [_thread_blocked, id=1648, stack(0x22da0000,0x22df0000)]
  0x21a72c00 JavaThread "URL-Loader-35" daemon [_thread_blocked, id=7820, stack(0x20720000,0x20770000)]
  0x21a72000 JavaThread "URL-Loader-34" daemon [_thread_blocked, id=7952, stack(0x22af0000,0x22b40000)]
  0x1c194800 JavaThread "URL-Loader-33" daemon [_thread_blocked, id=7328, stack(0x22be0000,0x22c30000)]
  0x1c1f0800 JavaThread "URL-Loader-32" daemon [_thread_blocked, id=3952, stack(0x1db90000,0x1dbe0000)]
  0x1c82f400 JavaThread "URL-Loader-31" daemon [_thread_blocked, id=276, stack(0x1dea0000,0x1def0000)]
  0x1c832000 JavaThread "URL-Loader-30" daemon [_thread_blocked, id=9168, stack(0x1dc10000,0x1dc60000)]
  0x1c832c00 JavaThread "URL-Loader-29" daemon [_thread_blocked, id=4180, stack(0x1db00000,0x1db50000)]
  0x1c82fc00 JavaThread "URL-Loader-28" daemon [_thread_blocked, id=7576, stack(0x1dc60000,0x1dcb0000)]
  0x1c830800 JavaThread "URL-Loader-27" daemon [_thread_blocked, id=3396, stack(0x1da90000,0x1dae0000)]
  0x1c831400 JavaThread "URL-Loader-26" daemon [_thread_blocked, id=8080, stack(0x1da40000,0x1da90000)]
  0x1c831000 JavaThread "URL-Loader-25" daemon [_thread_blocked, id=7848, stack(0x1d960000,0x1d9b0000)]
  0x1c2c6c00 JavaThread "URL-Loader-24" daemon [_thread_blocked, id=8788, stack(0x1ce70000,0x1cec0000)]
  0x1c2c3400 JavaThread "Keep-Alive-Timer" daemon [_thread_blocked, id=8036, stack(0x1d7c0000,0x1d810000)]
  0x1c2c3c00 JavaThread "URL-Loader-23" daemon [_thread_blocked, id=2704, stack(0x1d600000,0x1d650000)]
  0x1c196000 JavaThread "pool-3-thread-1" [_thread_blocked, id=8500, stack(0x1f110000,0x1f160000)]
  0x1c195000 JavaThread "Watchdog-Timer-1" daemon [_thread_blocked, id=6956, stack(0x1ef20000,0x1ef70000)]
  0x1c108c00 JavaThread "Thread-5" daemon [_thread_in_native, id=756, stack(0x1cd00000,0x1cd50000)]
  0x16a04400 JavaThread "Disposer" daemon [_thread_blocked, id=9140, stack(0x1b0d0000,0x1b120000)]
  0x16933000 JavaThread "Prism Font Disposer" daemon [_thread_blocked, id=7772, stack(0x15ea0000,0x15ef0000)]
  0x16822400 JavaThread "Thread-3" daemon [_thread_in_native, id=7356, stack(0x18590000,0x185e0000)]
  0x16812c00 JavaThread "JavaFX-Launcher" [_thread_blocked, id=2824, stack(0x18750000,0x187a0000)]
=>0x14e4e800 JavaThread "JavaFX Application Thread" [_thread_in_native, id=4756, stack(0x15e40000,0x15e90000)]
  0x14e4e000 JavaThread "Thread-1" daemon [_thread_blocked, id=6652, stack(0x167b0000,0x16800000)]
  0x14e1cc00 JavaThread "QuantumRenderer-0" daemon [_thread_blocked, id=7956, stack(0x15d50000,0x15da0000)]
  0x14ce3c00 JavaThread "Service Thread" daemon [_thread_blocked, id=8480, stack(0x15260000,0x152b0000)]
  0x14cd5400 JavaThread "C1 CompilerThread0" daemon [_thread_blocked, id=3932, stack(0x15900000,0x15950000)]
  0x14ccf800 JavaThread "JDWP Command Reader" daemon [_thread_in_native, id=8368, stack(0x15a40000,0x15a90000)]
  0x14cce400 JavaThread "JDWP Event Helper Thread" daemon [_thread_blocked, id=6472, stack(0x155a0000,0x155f0000)]
  0x14cc5800 JavaThread "JDWP Transport Listener: dt_socket" daemon [_thread_blocked, id=7312, stack(0x158a0000,0x158f0000)]
  0x14ccb000 JavaThread "Attach Listener" daemon [_thread_blocked, id=4796, stack(0x02330000,0x02380000)]
  0x14cc8000 JavaThread "Signal Dispatcher" daemon [_thread_blocked, id=6576, stack(0x02280000,0x022d0000)]
  0x14c81c00 JavaThread "Finalizer" daemon [_thread_blocked, id=2108, stack(0x14fb0000,0x15000000)]
  0x14c7b400 JavaThread "Reference Handler" daemon [_thread_blocked, id=6444, stack(0x14ed0000,0x14f20000)]
  0x0238d800 JavaThread "main" [_thread_blocked, id=3684, stack(0x00670000,0x006c0000)]

Other Threads:
  0x14c78800 VMThread [stack: 0x04710000,0x04760000] [id=6044]
  0x14cee800 WatcherThread [stack: 0x15c00000,0x15c50000] [id=7340]

VM state:not at safepoint (normal execution)

VM Mutex/Monitor currently owned by a thread: None

Heap:
 def new generation   total 22208K, used 16085K [0x04800000, 0x06010000, 0x09d50000)
  eden space 19776K,  69% used [0x04800000, 0x055557f0, 0x05b50000)
  from space 2432K, 100% used [0x05db0000, 0x06010000, 0x06010000)
  to   space 2432K,   0% used [0x05b50000, 0x05b50000, 0x05db0000)
 tenured generation   total 49208K, used 38907K [0x09d50000, 0x0cd5e000, 0x14800000)
   the space 49208K,  79% used [0x09d50000, 0x0c34ee70, 0x0c34f000, 0x0cd5e000)
 Metaspace       used 14812K, capacity 14933K, committed 14976K, reserved 15744K

Card table byte_map: [0x04660000,0x046f0000] byte_map_base: 0x0463c000

Polling page: 0x00160000

CodeCache: size=32768Kb used=3906Kb max_used=3906Kb free=28862Kb
 bounds [0x02660000, 0x02a38000, 0x04660000]
 total_blobs=2571 nmethods=2136 adapters=374
 compilation: enabled

Compilation events (10 events):
Event: 225.241 Thread 0x14cd5400 2161  s          com.sun.webkit.graphics.WCImage::setRQ (6 bytes)
Event: 225.242 Thread 0x14cd5400 nmethod 2161 0x02a2f888 code [0x02a2f980, 0x02a2fb50]
Event: 225.242 Thread 0x14cd5400 2162             com.sun.javafx.webkit.prism.PrismImage::<init> (5 bytes)
Event: 225.242 Thread 0x14cd5400 nmethod 2162 0x02a2fbc8 code [0x02a2fcc0, 0x02a2fd70]
Event: 225.242 Thread 0x14cd5400 2163             com.sun.javafx.webkit.prism.PrismGraphicsManager::createRTImage (14 bytes)
Event: 225.242 Thread 0x14cd5400 nmethod 2163 0x02a2fe88 code [0x02a2ff80, 0x02a30090]
Event: 225.242 Thread 0x14cd5400 2164             com.sun.javafx.webkit.prism.PrismGraphicsManager::createBufferedContextRQ (45 bytes)
Event: 225.243 Thread 0x14cd5400 nmethod 2164 0x02a30208 code [0x02a30350, 0x02a30888]
Event: 225.245 Thread 0x14cd5400 2165             com.sun.webkit.graphics.WCRenderQueue::<init> (47 bytes)
Event: 225.245 Thread 0x14cd5400 nmethod 2165 0x02a30b88 code [0x02a30c90, 0x02a30e3c]

GC Heap History (10 events):
Event: 12.454 GC heap before
{Heap before GC invocations=23 (full 2):
 def new generation   total 11328K, used 11328K [0x04800000, 0x05440000, 0x09d50000)
  eden space 10112K, 100% used [0x04800000, 0x051e0000, 0x051e0000)
  from space 1216K, 100% used [0x051e0000, 0x05310000, 0x05310000)
  to   space 1216K,   0% used [0x05310000, 0x05310000, 0x05440000)
 tenured generation   total 25956K, used 25879K [0x09d50000, 0x0b6a9000, 0x14800000)
   the space 25956K,  99% used [0x09d50000, 0x0b695c28, 0x0b695e00, 0x0b6a9000)
 Metaspace       used 14762K, capacity 14884K, committed 14976K, reserved 15744K
Event: 12.463 GC heap after
Heap after GC invocations=24 (full 2):
 def new generation   total 11328K, used 1216K [0x04800000, 0x05440000, 0x09d50000)
  eden space 10112K,   0% used [0x04800000, 0x04800000, 0x051e0000)
  from space 1216K, 100% used [0x05310000, 0x05440000, 0x05440000)
  to   space 1216K,   0% used [0x051e0000, 0x051e0000, 0x05310000)
 tenured generation   total 28268K, used 28258K [0x09d50000, 0x0b8eb000, 0x14800000)
   the space 28268K,  99% used [0x09d50000, 0x0b8e8870, 0x0b8e8a00, 0x0b8eb000)
 Metaspace       used 14762K, capacity 14884K, committed 14976K, reserved 15744K
}
Event: 12.665 GC heap before
{Heap before GC invocations=24 (full 2):
 def new generation   total 11328K, used 11236K [0x04800000, 0x05440000, 0x09d50000)
  eden space 10112K,  99% used [0x04800000, 0x051c93f8, 0x051e0000)
  from space 1216K, 100% used [0x05310000, 0x05440000, 0x05440000)
  to   space 1216K,   0% used [0x051e0000, 0x051e0000, 0x05310000)
 tenured generation   total 28268K, used 28258K [0x09d50000, 0x0b8eb000, 0x14800000)
   the space 28268K,  99% used [0x09d50000, 0x0b8e8870, 0x0b8e8a00, 0x0b8eb000)
 Metaspace       used 14762K, capacity 14884K, committed 14976K, reserved 15744K
Event: 12.727 GC heap after
Heap after GC invocations=25 (full 3):
 def new generation   total 22208K, used 0K [0x04800000, 0x06010000, 0x09d50000)
  eden space 19776K,   0% used [0x04800000, 0x04800000, 0x05b50000)
  from space 2432K,   0% used [0x05b50000, 0x05b50000, 0x05db0000)
  to   space 2432K,   0% used [0x05db0000, 0x05db0000, 0x06010000)
 tenured generation   total 49208K, used 29522K [0x09d50000, 0x0cd5e000, 0x14800000)
   the space 49208K,  59% used [0x09d50000, 0x0ba249b0, 0x0ba24a00, 0x0cd5e000)
 Metaspace       used 14750K, capacity 14869K, committed 14976K, reserved 15744K
}
Event: 141.180 GC heap before
{Heap before GC invocations=25 (full 3):
 def new generation   total 22208K, used 19776K [0x04800000, 0x06010000, 0x09d50000)
  eden space 19776K, 100% used [0x04800000, 0x05b50000, 0x05b50000)
  from space 2432K,   0% used [0x05b50000, 0x05b50000, 0x05db0000)
  to   space 2432K,   0% used [0x05db0000, 0x05db0000, 0x06010000)
 tenured generation   total 49208K, used 29522K [0x09d50000, 0x0cd5e000, 0x14800000)
   the space 49208K,  59% used [0x09d50000, 0x0ba249b0, 0x0ba24a00, 0x0cd5e000)
 Metaspace       used 14795K, capacity 14933K, committed 14976K, reserved 15744K
Event: 141.191 GC heap after
Heap after GC invocations=26 (full 3):
 def new generation   total 22208K, used 2432K [0x04800000, 0x06010000, 0x09d50000)
  eden space 19776K,   0% used [0x04800000, 0x04800000, 0x05b50000)
  from space 2432K, 100% used [0x05db0000, 0x06010000, 0x06010000)
  to   space 2432K,   0% used [0x05b50000, 0x05b50000, 0x05db0000)
 tenured generation   total 49208K, used 29729K [0x09d50000, 0x0cd5e000, 0x14800000)
   the space 49208K,  60% used [0x09d50000, 0x0ba58640, 0x0ba58800, 0x0cd5e000)
 Metaspace       used 14795K, capacity 14933K, committed 14976K, reserved 15744K
}
Event: 224.439 GC heap before
{Heap before GC invocations=26 (full 3):
 def new generation   total 22208K, used 22208K [0x04800000, 0x06010000, 0x09d50000)
  eden space 19776K, 100% used [0x04800000, 0x05b50000, 0x05b50000)
  from space 2432K, 100% used [0x05db0000, 0x06010000, 0x06010000)
  to   space 2432K,   0% used [0x05b50000, 0x05b50000, 0x05db0000)
 tenured generation   total 49208K, used 29729K [0x09d50000, 0x0cd5e000, 0x14800000)
   the space 49208K,  60% used [0x09d50000, 0x0ba58640, 0x0ba58800, 0x0cd5e000)
 Metaspace       used 14812K, capacity 14933K, committed 14976K, reserved 15744K
Event: 224.452 GC heap after
Heap after GC invocations=27 (full 3):
 def new generation   total 22208K, used 2432K [0x04800000, 0x06010000, 0x09d50000)
  eden space 19776K,   0% used [0x04800000, 0x04800000, 0x05b50000)
  from space 2432K, 100% used [0x05b50000, 0x05db0000, 0x05db0000)
  to   space 2432K,   0% used [0x05db0000, 0x05db0000, 0x06010000)
 tenured generation   total 49208K, used 32476K [0x09d50000, 0x0cd5e000, 0x14800000)
   the space 49208K,  65% used [0x09d50000, 0x0bd071f0, 0x0bd07200, 0x0cd5e000)
 Metaspace       used 14812K, capacity 14933K, committed 14976K, reserved 15744K
}
Event: 225.399 GC heap before
{Heap before GC invocations=27 (full 3):
 def new generation   total 22208K, used 22208K [0x04800000, 0x06010000, 0x09d50000)
  eden space 19776K, 100% used [0x04800000, 0x05b50000, 0x05b50000)
  from space 2432K, 100% used [0x05b50000, 0x05db0000, 0x05db0000)
  to   space 2432K,   0% used [0x05db0000, 0x05db0000, 0x06010000)
 tenured generation   total 49208K, used 32476K [0x09d50000, 0x0cd5e000, 0x14800000)
   the space 49208K,  65% used [0x09d50000, 0x0bd071f0, 0x0bd07200, 0x0cd5e000)
 Metaspace       used 14812K, capacity 14933K, committed 14976K, reserved 15744K
Event: 225.412 GC heap after
Heap after GC invocations=28 (full 3):
 def new generation   total 22208K, used 2432K [0x04800000, 0x06010000, 0x09d50000)
  eden space 19776K,   0% used [0x04800000, 0x04800000, 0x05b50000)
  from space 2432K, 100% used [0x05db0000, 0x06010000, 0x06010000)
  to   space 2432K,   0% used [0x05b50000, 0x05b50000, 0x05db0000)
 tenured generation   total 49208K, used 38907K [0x09d50000, 0x0cd5e000, 0x14800000)
   the space 49208K,  79% used [0x09d50000, 0x0c34ee70, 0x0c34f000, 0x0cd5e000)
 Metaspace       used 14812K, capacity 14933K, committed 14976K, reserved 15744K
}

Deoptimization events (0 events):
No events

Internal exceptions (10 events):
Event: 5.239 Thread 0x14e4e800 Exception <a 'java/security/PrivilegedActionException'> (0x04c059d8) thrown at [D:\re\workspace\8-2-build-windows-i586-cygwin\jdk8\1760\hotspot\src\share\vm\prims\jvm.cpp, line 1248]
Event: 5.239 Thread 0x14e4e800 Exception <a 'java/security/PrivilegedActionException'> (0x04c06468) thrown at [D:\re\workspace\8-2-build-windows-i586-cygwin\jdk8\1760\hotspot\src\share\vm\prims\jvm.cpp, line 1248]
Event: 6.053 Thread 0x14e4e800 Exception <a 'java/security/PrivilegedActionException'> (0x04ab4778) thrown at [D:\re\workspace\8-2-build-windows-i586-cygwin\jdk8\1760\hotspot\src\share\vm\prims\jvm.cpp, line 1248]
Event: 6.055 Thread 0x14e4e800 Exception <a 'java/security/PrivilegedActionException'> (0x04ab60e0) thrown at [D:\re\workspace\8-2-build-windows-i586-cygwin\jdk8\1760\hotspot\src\share\vm\prims\jvm.cpp, line 1248]
Event: 6.055 Thread 0x14e4e800 Exception <a 'java/security/PrivilegedActionException'> (0x04ab8ad0) thrown at [D:\re\workspace\8-2-build-windows-i586-cygwin\jdk8\1760\hotspot\src\share\vm\prims\jvm.cpp, line 1248]
Event: 6.056 Thread 0x14e4e800 Exception <a 'java/security/PrivilegedActionException'> (0x04aba490) thrown at [D:\re\workspace\8-2-build-windows-i586-cygwin\jdk8\1760\hotspot\src\share\vm\prims\jvm.cpp, line 1248]
Event: 11.841 Thread 0x1c196000 Exception <a 'java/security/PrivilegedActionException'> (0x04f4a728) thrown at [D:\re\workspace\8-2-build-windows-i586-cygwin\jdk8\1760\hotspot\src\share\vm\prims\jvm.cpp, line 1248]
Event: 34.011 Thread 0x14e4e800 Exception <a 'java/security/PrivilegedActionException'> (0x0524f028) thrown at [D:\re\workspace\8-2-build-windows-i586-cygwin\jdk8\1760\hotspot\src\share\vm\prims\jvm.cpp, line 1248]
Event: 34.013 Thread 0x14e4e800 Exception <a 'java/security/PrivilegedActionException'> (0x0526dba0) thrown at [D:\re\workspace\8-2-build-windows-i586-cygwin\jdk8\1760\hotspot\src\share\vm\prims\jvm.cpp, line 1248]
Event: 34.014 Thread 0x14e4e800 Exception <a 'java/security/PrivilegedActionException'> (0x0529dc90) thrown at [D:\re\workspace\8-2-build-windows-i586-cygwin\jdk8\1760\hotspot\src\share\vm\prims\jvm.cpp, line 1248]

Events (10 events):
Event: 225.623 Thread 0x26a3c800 Thread exited: 0x26a3c800
Event: 225.629 Thread 0x26a39c00 Thread exited: 0x26a39c00
Event: 225.636 Thread 0x217f4800 Thread exited: 0x217f4800
Event: 225.638 Thread 0x26a3d000 Thread exited: 0x26a3d000
Event: 225.640 Thread 0x217f4c00 Thread exited: 0x217f4c00
Event: 225.755 Thread 0x217f5800 Thread exited: 0x217f5800
Event: 225.760 Thread 0x217f5400 Thread exited: 0x217f5400
Event: 225.765 Thread 0x217f6000 Thread exited: 0x217f6000
Event: 225.811 Thread 0x217f6400 Thread exited: 0x217f6400
Event: 225.813 Thread 0x217f6c00 Thread exited: 0x217f6c00


Dynamic libraries:
0x00040000 - 0x00070000 	C:\Program Files (x86)\Java\jdk1.8.0\bin\javaw.exe
0x771d0000 - 0x77350000 	C:\Windows\SysWOW64\ntdll.dll
0x76a20000 - 0x76b30000 	C:\Windows\syswow64\kernel32.dll
0x74c80000 - 0x74cc7000 	C:\Windows\syswow64\KERNELBASE.dll
0x75ca0000 - 0x75d40000 	C:\Windows\syswow64\ADVAPI32.dll
0x74ec0000 - 0x74f6c000 	C:\Windows\syswow64\msvcrt.dll
0x75f70000 - 0x75f89000 	C:\Windows\SysWOW64\sechost.dll
0x76b30000 - 0x76c20000 	C:\Windows\syswow64\RPCRT4.dll
0x74c20000 - 0x74c80000 	C:\Windows\syswow64\SspiCli.dll
0x74c10000 - 0x74c1c000 	C:\Windows\syswow64\CRYPTBASE.dll
0x74ce0000 - 0x74de0000 	C:\Windows\syswow64\USER32.dll
0x76d40000 - 0x76dd0000 	C:\Windows\syswow64\GDI32.dll
0x76090000 - 0x7609a000 	C:\Windows\syswow64\LPK.dll
0x74e20000 - 0x74ebd000 	C:\Windows\syswow64\USP10.dll
0x729f0000 - 0x72b8e000 	C:\Windows\WinSxS\x86_microsoft.windows.common-controls_6595b64144ccf1df_6.0.7601.17514_none_41e6975e2bd6f2b2\COMCTL32.dll
0x75fd0000 - 0x76027000 	C:\Windows\syswow64\SHLWAPI.dll
0x74f80000 - 0x74fe0000 	C:\Windows\system32\IMM32.DLL
0x75d50000 - 0x75e1c000 	C:\Windows\syswow64\MSCTF.dll
0x77c30000 - 0x77cef000 	C:\Program Files (x86)\Java\jdk1.8.0\jre\bin\msvcr100.dll
0x6c770000 - 0x6cb06000 	C:\Program Files (x86)\Java\jdk1.8.0\jre\bin\client\jvm.dll
0x72f60000 - 0x72f67000 	C:\Windows\system32\WSOCK32.dll
0x76540000 - 0x76575000 	C:\Windows\syswow64\WS2_32.dll
0x75f90000 - 0x75f96000 	C:\Windows\syswow64\NSI.dll
0x70260000 - 0x70292000 	C:\Windows\system32\WINMM.dll
0x74fe0000 - 0x74fe5000 	C:\Windows\syswow64\PSAPI.DLL
0x73c00000 - 0x73c0c000 	C:\Program Files (x86)\Java\jdk1.8.0\jre\bin\verify.dll
0x6e030000 - 0x6e051000 	C:\Program Files (x86)\Java\jdk1.8.0\jre\bin\java.dll
0x700e0000 - 0x70109000 	C:\Program Files (x86)\Java\jdk1.8.0\jre\bin\jdwp.dll
0x72210000 - 0x72217000 	C:\Program Files (x86)\Java\jdk1.8.0\jre\bin\npt.dll
0x73920000 - 0x73933000 	C:\Program Files (x86)\Java\jdk1.8.0\jre\bin\zip.dll
0x75050000 - 0x75c9a000 	C:\Windows\syswow64\SHELL32.dll
0x760a0000 - 0x761fc000 	C:\Windows\syswow64\ole32.dll
0x72f50000 - 0x72f5b000 	C:\Windows\system32\profapi.dll
0x72200000 - 0x72208000 	C:\Program Files (x86)\Java\jdk1.8.0\jre\bin\dt_socket.dll
0x73510000 - 0x7370c000 	C:\Program Files (x86)\Forefront TMG Client\FwcWsp.dll
0x76740000 - 0x7676e000 	C:\Windows\syswow64\WINTRUST.dll
0x76410000 - 0x76530000 	C:\Windows\syswow64\CRYPT32.dll
0x75d40000 - 0x75d4c000 	C:\Windows\syswow64\MSASN1.dll
0x73500000 - 0x73509000 	C:\Windows\system32\VERSION.dll
0x734e0000 - 0x734f1000 	C:\Windows\system32\NETAPI32.dll
0x734d0000 - 0x734d9000 	C:\Windows\system32\netutils.dll
0x734b0000 - 0x734c9000 	C:\Windows\system32\srvcli.dll
0x734a0000 - 0x734af000 	C:\Windows\system32\wkscli.dll
0x73490000 - 0x73499000 	C:\Windows\system32\DSROLE.DLL
0x725b0000 - 0x725c0000 	C:\Windows\system32\NLAapi.dll
0x725a0000 - 0x725b0000 	C:\Windows\system32\napinsp.dll
0x72580000 - 0x72592000 	C:\Windows\system32\pnrpnsp.dll
0x73190000 - 0x731cc000 	C:\Windows\System32\mswsock.dll
0x72fc0000 - 0x73004000 	C:\Windows\system32\DNSAPI.dll
0x72570000 - 0x72578000 	C:\Windows\System32\winrnr.dll
0x72560000 - 0x7256d000 	C:\Windows\system32\wshbth.dll
0x731f0000 - 0x732db000 	C:\Windows\system32\DBGHELP.DLL
0x73180000 - 0x73183000 	C:\Windows\system32\security.dll
0x73170000 - 0x73178000 	C:\Windows\system32\SECUR32.DLL
0x73140000 - 0x73148000 	C:\Windows\system32\credssp.dll
0x730f0000 - 0x73132000 	C:\Windows\SysWOW64\msv1_0.DLL
0x730d0000 - 0x730e1000 	C:\Windows\system32\cryptdll.dll
0x73150000 - 0x73155000 	C:\Windows\System32\wshtcpip.dll
0x73470000 - 0x7348c000 	C:\Windows\system32\IPHLPAPI.DLL
0x73460000 - 0x73467000 	C:\Windows\system32\WINNSI.DLL
0x72f70000 - 0x72fa8000 	C:\Windows\System32\fwpuclnt.dll
0x72fb0000 - 0x72fb6000 	C:\Windows\system32\rasadhlp.dll
0x6dee0000 - 0x6df03000 	C:\Program Files (x86)\Java\jdk1.8.0\jre\bin\prism_d3d.dll
0x6f7e0000 - 0x6f9a3000 	C:\Windows\system32\d3d9.dll
0x70150000 - 0x70156000 	C:\Windows\system32\d3d8thk.dll
0x72260000 - 0x72273000 	C:\Windows\system32\dwmapi.dll
0x72730000 - 0x727b0000 	C:\Windows\system32\uxtheme.dll
0x15da0000 - 0x15e32000 	C:\Windows\system32\igdumdx32.dll
0x15fa0000 - 0x165b1000 	C:\Windows\system32\igdumd32.dll
0x70230000 - 0x70255000 	C:\Windows\system32\PowrProf.dll
0x767f0000 - 0x7698d000 	C:\Windows\syswow64\SETUPAPI.dll
0x75fa0000 - 0x75fc7000 	C:\Windows\syswow64\CFGMGR32.dll
0x76cb0000 - 0x76d3f000 	C:\Windows\syswow64\OLEAUT32.dll
0x75f50000 - 0x75f62000 	C:\Windows\syswow64\DEVOBJ.dll
0x6d790000 - 0x6d7c3000 	C:\Program Files (x86)\Java\jdk1.8.0\jre\bin\glass.dll
0x76770000 - 0x767eb000 	C:\Windows\syswow64\COMDLG32.dll
0x738a0000 - 0x738b4000 	C:\Program Files (x86)\Java\jdk1.8.0\jre\bin\net.dll
0x73010000 - 0x73016000 	C:\Windows\System32\wship6.dll
0x721f0000 - 0x721ff000 	C:\Program Files (x86)\Java\jdk1.8.0\jre\bin\javafx_font.dll
0x70440000 - 0x70575000 	C:\Windows\system32\dwrite.dll
0x19ac0000 - 0x1aa56000 	C:\Program Files (x86)\Java\jdk1.8.0\jre\bin\jfxwebkit.dll
0x721a0000 - 0x721b6000 	C:\Windows\system32\CRYPTSP.dll
0x72160000 - 0x7219b000 	C:\Windows\system32\rsaenh.dll
0x744c0000 - 0x744cf000 	C:\Program Files (x86)\Java\jdk1.8.0\jre\bin\nio.dll
0x76990000 - 0x76a13000 	C:\Windows\syswow64\CLBCatQ.DLL
0x72280000 - 0x723b0000 	C:\Windows\system32\WindowsCodecs.dll
0x725c0000 - 0x7260c000 	C:\Windows\system32\apphelp.dll
0x6ccf0000 - 0x6cd21000 	C:\Windows\system32\EhStorShell.dll
0x723b0000 - 0x724a5000 	C:\Windows\system32\PROPSYS.dll
0x6cf10000 - 0x6d316000 	C:\PROGRA~2\MICROS~1\Office14\GROOVEEX.DLL
0x73710000 - 0x737b3000 	C:\Windows\WinSxS\x86_microsoft.vc90.crt_1fc8b3b9a1e18e3b_9.0.30729.6161_none_50934f2ebcb7eb57\MSVCR90.dll
0x71170000 - 0x711fe000 	C:\Windows\WinSxS\x86_microsoft.vc90.crt_1fc8b3b9a1e18e3b_9.0.30729.6161_none_50934f2ebcb7eb57\MSVCP90.dll
0x6cee0000 - 0x6cf0b000 	C:\Windows\WinSxS\x86_microsoft.vc90.atl_1fc8b3b9a1e18e3b_9.0.30729.6161_none_51cd0a7abbe4e19b\ATL90.DLL
0x73c40000 - 0x7405a000 	C:\PROGRA~2\COMMON~1\MICROS~1\OFFICE14\Cultures\office.odf
0x50550000 - 0x50ddb000 	C:\PROGRA~2\MICROS~1\Office14\1031\GrooveIntlResource.dll
0x6cc10000 - 0x6cc80000 	C:\Windows\system32\ntshrui.dll
0x73080000 - 0x7308b000 	C:\Windows\system32\cscapi.dll
0x5e930000 - 0x5e93a000 	C:\Windows\system32\slc.dll
0x6e000000 - 0x6e021000 	C:\Program Files (x86)\Common Files\Microsoft Shared\Ink\rtscom.dll
0x74520000 - 0x74867000 	C:\Windows\system32\d2d1.dll
0x6e8a0000 - 0x6ea15000 	C:\Windows\system32\d3d11.dll
0x70080000 - 0x700cc000 	C:\Windows\system32\dxgi.dll
0x5eb10000 - 0x5ecf9000 	C:\Windows\system32\D3D10Warp.dll
0x721e0000 - 0x721ee000 	C:\Program Files (x86)\Java\jdk1.8.0\jre\bin\prism_common.dll
0x72610000 - 0x72630000 	C:\Program Files (x86)\Java\jdk1.8.0\jre\bin\sunec.dll
0x721c0000 - 0x721d7000 	C:\Windows\system32\USERENV.dll
0x744a0000 - 0x744a9000 	C:\Program Files (x86)\Java\jdk1.8.0\jre\bin\sunmscapi.dll
0x73bf0000 - 0x73bf8000 	C:\Program Files (x86)\Java\jdk1.8.0\jre\bin\w2k_lsa_auth.dll
0x731d0000 - 0x731e2000 	C:\Windows\system32\dhcpcsvc.DLL

VM Arguments:
jvm_args: -agentlib:jdwp=transport=dt_socket,suspend=y,address=localhost:55541 -Dfile.encoding=UTF-8 
java_command: org.devel.jfxcontrols.sample.JFXControlsApp
java_class_path (initial): D:\DEVEL\PROJEKTE\JFXControls\git\JFXControls\bin;C:\Users\stefan.illgen\.gradle\caches\modules-2\files-2.1\commons-io\commons-io\2.4\b1b6ea3b7e4aa4f492509a4952029cd8e48019ad\commons-io-2.4.jar;C:\Users\stefan.illgen\.gradle\caches\modules-2\files-2.1\org.loadui\testFx\3.0.0\7141ce4f4d6d6bff46c5684c3d9b5cc8e9ed6071\testFx-3.0.0.jar;C:\Users\stefan.illgen\.gradle\caches\modules-2\files-2.1\junit\junit\4.11\4e031bb61df09069aeb2bffb4019e7a5034a4ee0\junit-4.11.jar;C:\Users\stefan.illgen\.gradle\caches\modules-2\files-2.1\com.google.guava\guava\14.0.1\69e12f4c6aeac392555f1ea86fab82b5e5e31ad4\guava-14.0.1.jar;C:\Users\stefan.illgen\.gradle\caches\modules-2\files-2.1\org.hamcrest\hamcrest-all\1.3\63a21ebc981131004ad02e0434e799fd7f3a8d5a\hamcrest-all-1.3.jar;C:\Users\stefan.illgen\.gradle\caches\modules-2\files-2.1\org.hamcrest\hamcrest-core\1.3\42a25dc3219429f0e5d060061f71acb49bf010a0\hamcrest-core-1.3.jar;C:\Program Files (x86)\Java\jdk1.8.0\jre\lib\ext\jfxrt.jar
Launcher Type: SUN_STANDARD

Environment Variables:
JAVA_HOME=c:\Program Files (x86)\Java\jdk1.8.0
PATH=C:\Program Files (x86)\Java\jdk1.8.0\jre\bin;c:/Program Files (x86)/Java/jdk1.8.0/bin/../jre/bin/client;c:/Program Files (x86)/Java/jdk1.8.0/bin/../jre/bin;c:/Program Files (x86)/Java/jdk1.8.0/bin/../jre/lib/i386;"c:\Program Files (x86)\Java\jdk1.8.0\bin";C:\Windows\system32;C:\Windows;C:\Windows\System32\Wbem;C:\Windows\System32\WindowsPowerShell\v1.0\;d:\DEVEL\ide\play-2.1.3;C:\Program Files (x86)\Heroku\bin;C:\Program Files (x86)\Git\cmd;C:\Program Files (x86)\Git\bin;C:\Users\stefan.illgen\AppData\Local\Google\Chrome\Application\chrome.exe;"d:\DEVEL\ide\apache-maven-3.0.5\bin";"D:\DEVEL\ide\atlassian-plugin-sdk\bin";"d:\DEVEL\ide\gradle-1.10\bin";D:\DEVEL\ide\atlassian-plugin-sdk\bin;d:\DEVEL\ide\eclipse-4.3.0-win32-efx-0.9;
USERNAME=stefan.illgen
OS=Windows_NT
PROCESSOR_IDENTIFIER=Intel64 Family 6 Model 37 Stepping 5, GenuineIntel



---------------  S Y S T E M  ---------------

OS: Windows 7 , 64 bit Build 7601 Service Pack 1

CPU:total 4 (2 cores per cpu, 2 threads per core) family 6 model 37 stepping 5, cmov, cx8, fxsr, mmx, sse, sse2, sse3, ssse3, sse4.1, sse4.2, popcnt, aes, clmul, ht, tsc, tscinvbit

Memory: 4k page, physical 3984808k(1040672k free), swap 7967752k(1584576k free)

vm_info: Java HotSpot(TM) Client VM (25.0-b69) for windows-x86 JRE (1.8.0-b128), built on Feb  1 2014 08:41:42 by "java_re" with MS VC++ 10.0 (VS2010)

time: Mon Feb 10 21:39:50 2014
elapsed time: 226 seconds

