#
# A fatal error has been detected by the Java Runtime Environment:
#
#  EXCEPTION_UNCAUGHT_CXX_EXCEPTION (0xe06d7363) at pc=0x74c8c41f, pid=8380, tid=8040
#
# JRE version: Java(TM) SE Runtime Environment (8.0-b128) (build 1.8.0-b128)
# Java VM: Java HotSpot(TM) Client VM (25.0-b69 mixed mode windows-x86 )
# Problematic frame:
# C  [KERNELBASE.dll+0xc41f]
#
# Failed to write core dump. Minidumps are not enabled by default on client versions of Windows
#
# If you would like to submit a bug report, please visit:
#   http://bugreport.sun.com/bugreport/crash.jsp
# The crash happened outside the Java Virtual Machine in native code.
# See problematic frame for where to report the bug.
#

---------------  T H R E A D  ---------------

Current thread (0x01136400):  JavaThread "JavaFX Application Thread" [_thread_in_native, id=8040, stack(0x160a0000,0x160f0000)]

siginfo: ExceptionCode=0xe06d7363, ExceptionInformation=0x19930520 0x160ee768 0x782dc888 

Registers:
EAX=0x160ee6d0, EBX=0x00000000, ECX=0x00000003, EDX=0x00000000
ESP=0x160ee6d0, EBP=0x160ee720, ESI=0x782dc7ec, EDI=0x78378518
EIP=0x74c8c41f, EFLAGS=0x00200212

Top of Stack: (sp=0x160ee6d0)
0x160ee6d0:   e06d7363 00000001 00000000 74c8c41f
0x160ee6e0:   00000003 19930520 160ee768 782dc888
0x160ee6f0:   00000004 00000000 78378518 00000000
0x160ee700:   782dc7ec 160ee710 782d0949 783754c0
0x160ee710:   160ee750 782d260c 00000008 782da9e5
0x160ee720:   160ee758 782e872d e06d7363 00000001
0x160ee730:   00000003 160ee74c e06d7363 00000001
0x160ee740:   00000000 00000000 00000003 19930520 

Instructions: (pc=0x74c8c41f)
0x74c8c3ff:   02 50 ff 75 14 8d 45 c4 50 e8 55 ad 02 00 83 c4
0x74c8c40f:   0c eb 03 89 45 c0 8d 45 b0 50 ff 15 5c 11 c8 74
0x74c8c41f:   c9 c2 10 00 cc cc cc cc cc 8b ff 55 8b ec 56 8b
0x74c8c42f:   75 08 83 fe f4 72 18 83 fe f6 77 13 8d 45 08 50 


Register to memory mapping:

EAX=0x160ee6d0 is pointing into the stack for thread: 0x01136400
EBX=0x00000000 is an unknown value
ECX=0x00000003 is an unknown value
EDX=0x00000000 is an unknown value
ESP=0x160ee6d0 is pointing into the stack for thread: 0x01136400
EBP=0x160ee720 is pointing into the stack for thread: 0x01136400
ESI=0x782dc7ec is an unknown value
EDI=0x78378518 is an unknown value


Stack: [0x160a0000,0x160f0000],  sp=0x160ee6d0,  free space=313k
Native frames: (J=compiled Java code, j=interpreted, Vv=VM code, C=native code)
C  [KERNELBASE.dll+0xc41f]
C  [msvcr100.dll+0x2872d]
C  [msvcr100.dll+0x3f30f]

Java frames: (J=compiled Java code, j=interpreted, Vv=VM code)
j  com.sun.webkit.WebPage.twkPrePaint(J)V+0
j  com.sun.webkit.WebPage.updateDirty(Lcom/sun/webkit/graphics/WCRectangle;)V+117
j  com.sun.webkit.WebPage.updateContent(Lcom/sun/webkit/graphics/WCRectangle;)V+38
j  com.sun.javafx.sg.prism.NGWebView.update()V+68
j  javafx.scene.web.WebView.handleStagePulse()V+78
j  javafx.scene.web.WebView.access$300(Ljavafx/scene/web/WebView;)V+1
j  javafx.scene.web.WebView$3.pulse()V+4
J 1854 C1 com.sun.javafx.tk.Toolkit$3.run()Ljava/lang/Object; (5 bytes) @ 0x02be50f8 [0x02be50d0+0x28]
v  ~StubRoutines::call_stub
J 1272  java.security.AccessController.doPrivileged(Ljava/security/PrivilegedAction;Ljava/security/AccessControlContext;)Ljava/lang/Object; (0 bytes) @ 0x02b29647 [0x02b295e0+0x67]
J 1823 C1 com.sun.javafx.tk.Toolkit.firePulse()V (279 bytes) @ 0x02bd9b34 [0x02bd9730+0x404]
j  com.sun.javafx.tk.quantum.QuantumToolkit.pulse(Z)V+83
j  com.sun.javafx.tk.quantum.QuantumToolkit.pulse()V+2
j  com.sun.javafx.tk.quantum.QuantumToolkit$13.run()V+4
J 2005 C1 com.sun.glass.ui.InvokeLaterDispatcher$Future.run()V (91 bytes) @ 0x02c0b870 [0x02c0b840+0x30]
v  ~StubRoutines::call_stub
j  com.sun.glass.ui.win.WinApplication._runLoop(Ljava/lang/Runnable;)V+0
j  com.sun.glass.ui.win.WinApplication.access$300(Lcom/sun/glass/ui/win/WinApplication;Ljava/lang/Runnable;)V+2
j  com.sun.glass.ui.win.WinApplication$4$1.run()V+25
j  java.lang.Thread.run()V+11
v  ~StubRoutines::call_stub

---------------  P R O C E S S  ---------------

Java Threads: ( => current thread )
  0x21447800 JavaThread "URL-Loader-39" daemon [_thread_blocked, id=6468, stack(0x24640000,0x24690000)]
  0x21281400 JavaThread "URL-Loader-38" daemon [_thread_blocked, id=1780, stack(0x253b0000,0x25400000)]
  0x21364400 JavaThread "URL-Loader-37" daemon [_thread_blocked, id=8096, stack(0x252b0000,0x25300000)]
  0x21363800 JavaThread "URL-Loader-36" daemon [_thread_blocked, id=6996, stack(0x24dd0000,0x24e20000)]
  0x21150000 JavaThread "URL-Loader-35" daemon [_thread_blocked, id=8652, stack(0x24ff0000,0x25040000)]
  0x2114e000 JavaThread "URL-Loader-34" daemon [_thread_blocked, id=5520, stack(0x24860000,0x248b0000)]
  0x21447c00 JavaThread "URL-Loader-33" daemon [_thread_blocked, id=1172, stack(0x24b80000,0x24bd0000)]
  0x21448400 JavaThread "URL-Loader-32" daemon [_thread_blocked, id=7160, stack(0x24b30000,0x24b80000)]
  0x21448800 JavaThread "URL-Loader-31" daemon [_thread_blocked, id=2544, stack(0x24960000,0x249b0000)]
  0x21449800 JavaThread "URL-Loader-30" daemon [_thread_blocked, id=8828, stack(0x220c0000,0x22110000)]
  0x21449000 JavaThread "URL-Loader-29" daemon [_thread_blocked, id=8132, stack(0x237d0000,0x23820000)]
  0x21449c00 JavaThread "URL-Loader-28" daemon [_thread_blocked, id=5396, stack(0x23450000,0x234a0000)]
  0x2144a400 JavaThread "URL-Loader-27" daemon [_thread_blocked, id=7964, stack(0x20b60000,0x20bb0000)]
  0x2144a800 JavaThread "URL-Loader-26" daemon [_thread_blocked, id=8160, stack(0x22bf0000,0x22c40000)]
  0x2144b000 JavaThread "URL-Loader-25" daemon [_thread_blocked, id=4240, stack(0x22a10000,0x22a60000)]
  0x1e194800 JavaThread "URL-Loader-24" daemon [_thread_blocked, id=9036, stack(0x22b20000,0x22b70000)]
  0x1e195400 JavaThread "URL-Loader-23" daemon [_thread_blocked, id=2772, stack(0x22ba0000,0x22bf0000)]
  0x1e193000 JavaThread "URL-Loader-22" daemon [_thread_blocked, id=8632, stack(0x1f010000,0x1f060000)]
  0x1e193c00 JavaThread "Keep-Alive-Timer" daemon [_thread_blocked, id=7800, stack(0x20410000,0x20460000)]
  0x1e195000 JavaThread "URL-Loader-21" daemon [_thread_blocked, id=7400, stack(0x20c40000,0x20c90000)]
  0x1e193400 JavaThread "Watchdog-Timer-1" daemon [_thread_blocked, id=7612, stack(0x1ed00000,0x1ed50000)]
  0x17da8400 JavaThread "Thread-5" daemon [_thread_in_native, id=2220, stack(0x1eaa0000,0x1eaf0000)]
  0x17bab400 JavaThread "Disposer" daemon [_thread_blocked, id=2784, stack(0x1a920000,0x1a970000)]
  0x17ad1400 JavaThread "Prism Font Disposer" daemon [_thread_blocked, id=9016, stack(0x19330000,0x19380000)]
  0x179d0800 JavaThread "Thread-3" daemon [_thread_in_native, id=6276, stack(0x17980000,0x179d0000)]
  0x179d0400 JavaThread "JavaFX-Launcher" [_thread_blocked, id=8236, stack(0x17ee0000,0x17f30000)]
=>0x01136400 JavaThread "JavaFX Application Thread" [_thread_in_native, id=8040, stack(0x160a0000,0x160f0000)]
  0x0117cc00 JavaThread "Thread-1" daemon [_thread_blocked, id=764, stack(0x15e40000,0x15e90000)]
  0x01142c00 JavaThread "QuantumRenderer-0" daemon [_thread_blocked, id=7848, stack(0x14f20000,0x14f70000)]
  0x0102c400 JavaThread "Service Thread" daemon [_thread_blocked, id=6504, stack(0x153a0000,0x153f0000)]
  0x0100fc00 JavaThread "C1 CompilerThread0" daemon [_thread_blocked, id=8744, stack(0x15340000,0x15390000)]
  0x0100e400 JavaThread "Attach Listener" daemon [_thread_blocked, id=6500, stack(0x15030000,0x15080000)]
  0x0100b400 JavaThread "Signal Dispatcher" daemon [_thread_blocked, id=1072, stack(0x15160000,0x151b0000)]
  0x00fd1800 JavaThread "Finalizer" daemon [_thread_blocked, id=7320, stack(0x150e0000,0x15130000)]
  0x00fcb800 JavaThread "Reference Handler" daemon [_thread_blocked, id=3944, stack(0x14fe0000,0x15030000)]
  0x0008cc00 JavaThread "main" [_thread_blocked, id=3932, stack(0x002e0000,0x00330000)]

Other Threads:
  0x00fc8800 VMThread [stack: 0x049a0000,0x049f0000] [id=860]
  0x01036800 WatcherThread [stack: 0x152f0000,0x15340000] [id=6696]

VM state:not at safepoint (normal execution)

VM Mutex/Monitor currently owned by a thread: None

Heap:
 def new generation   total 18368K, used 9001K [0x04a00000, 0x05de0000, 0x09f50000)
  eden space 16384K,  42% used [0x04a00000, 0x050da4f0, 0x05a00000)
  from space 1984K, 100% used [0x05bf0000, 0x05de0000, 0x05de0000)
  to   space 1984K,   0% used [0x05a00000, 0x05a00000, 0x05bf0000)
 tenured generation   total 40588K, used 40116K [0x09f50000, 0x0c6f3000, 0x14a00000)
   the space 40588K,  98% used [0x09f50000, 0x0c67d1e8, 0x0c67d200, 0x0c6f3000)
 Metaspace       used 14655K, capacity 14786K, committed 14848K, reserved 15744K

Card table byte_map: [0x004b0000,0x00540000] byte_map_base: 0x0048b000

Polling page: 0x00180000

CodeCache: size=32768Kb used=3554Kb max_used=3554Kb free=29213Kb
 bounds [0x028b0000, 0x02c30000, 0x048b0000]
 total_blobs=2530 nmethods=2085 adapters=376
 compilation: enabled

Compilation events (10 events):
Event: 23.620 Thread 0x0100fc00 2108             com.sun.javafx.webkit.prism.PrismGraphicsManager::createBufferedContextRQ (45 bytes)
Event: 23.620 Thread 0x0100fc00 nmethod 2108 0x02c27588 code [0x02c276c0, 0x02c27bc8]
Event: 23.620 Thread 0x0100fc00 2109             com.sun.javafx.webkit.prism.WCGraphicsPrismContext::<init> (33 bytes)
Event: 23.621 Thread 0x0100fc00 nmethod 2109 0x02c27e48 code [0x02c27f50, 0x02c280bc]
Event: 23.621 Thread 0x0100fc00 2110  s          com.sun.webkit.graphics.WCImage::setRQ (6 bytes)
Event: 23.621 Thread 0x0100fc00 nmethod 2110 0x02c28188 code [0x02c28280, 0x02c28450]
Event: 23.621 Thread 0x0100fc00 2111             com.sun.webkit.graphics.WCRenderQueue::<init> (47 bytes)
Event: 23.622 Thread 0x0100fc00 nmethod 2111 0x02c284c8 code [0x02c285d0, 0x02c2877c]
Event: 24.618 Thread 0x0100fc00 2112   !         com.sun.javafx.tk.quantum.QuantumToolkit$14::run (19 bytes)
Event: 24.618 Thread 0x0100fc00 nmethod 2112 0x02c288c8 code [0x02c289f0, 0x02c28b24]

GC Heap History (10 events):
Event: 6.081 GC heap before
{Heap before GC invocations=20 (full 2):
 def new generation   total 11008K, used 11008K [0x04a00000, 0x055f0000, 0x09f50000)
  eden space 9792K, 100% used [0x04a00000, 0x05390000, 0x05390000)
  from space 1216K, 100% used [0x05390000, 0x054c0000, 0x054c0000)
  to   space 1216K,   0% used [0x054c0000, 0x054c0000, 0x055f0000)
 tenured generation   total 24404K, used 18371K [0x09f50000, 0x0b725000, 0x14a00000)
   the space 24404K,  75% used [0x09f50000, 0x0b140f68, 0x0b141000, 0x0b725000)
 Metaspace       used 14526K, capacity 14658K, committed 14720K, reserved 14720K
Event: 6.089 GC heap after
Heap after GC invocations=21 (full 2):
 def new generation   total 11008K, used 1216K [0x04a00000, 0x055f0000, 0x09f50000)
  eden space 9792K,   0% used [0x04a00000, 0x04a00000, 0x05390000)
  from space 1216K, 100% used [0x054c0000, 0x055f0000, 0x055f0000)
  to   space 1216K,   0% used [0x05390000, 0x05390000, 0x054c0000)
 tenured generation   total 24404K, used 21379K [0x09f50000, 0x0b725000, 0x14a00000)
   the space 24404K,  87% used [0x09f50000, 0x0b430e98, 0x0b431000, 0x0b725000)
 Metaspace       used 14526K, capacity 14658K, committed 14720K, reserved 14720K
}
Event: 6.334 GC heap before
{Heap before GC invocations=21 (full 2):
 def new generation   total 11008K, used 11008K [0x04a00000, 0x055f0000, 0x09f50000)
  eden space 9792K, 100% used [0x04a00000, 0x05390000, 0x05390000)
  from space 1216K, 100% used [0x054c0000, 0x055f0000, 0x055f0000)
  to   space 1216K,   0% used [0x05390000, 0x05390000, 0x054c0000)
 tenured generation   total 24404K, used 21379K [0x09f50000, 0x0b725000, 0x14a00000)
   the space 24404K,  87% used [0x09f50000, 0x0b430e98, 0x0b431000, 0x0b725000)
 Metaspace       used 14526K, capacity 14658K, committed 14720K, reserved 14720K
Event: 6.386 GC heap after
Heap after GC invocations=22 (full 3):
 def new generation   total 18368K, used 0K [0x04a00000, 0x05de0000, 0x09f50000)
  eden space 16384K,   0% used [0x04a00000, 0x04a00000, 0x05a00000)
  from space 1984K,   0% used [0x05a00000, 0x05a00000, 0x05bf0000)
  to   space 1984K,   0% used [0x05bf0000, 0x05bf0000, 0x05de0000)
 tenured generation   total 40588K, used 24352K [0x09f50000, 0x0c6f3000, 0x14a00000)
   the space 40588K,  59% used [0x09f50000, 0x0b7181f0, 0x0b718200, 0x0c6f3000)
 Metaspace       used 14526K, capacity 14658K, committed 14720K, reserved 14720K
}
Event: 22.665 GC heap before
{Heap before GC invocations=22 (full 3):
 def new generation   total 18368K, used 16379K [0x04a00000, 0x05de0000, 0x09f50000)
  eden space 16384K,  99% used [0x04a00000, 0x059fed78, 0x05a00000)
  from space 1984K,   0% used [0x05a00000, 0x05a00000, 0x05bf0000)
  to   space 1984K,   0% used [0x05bf0000, 0x05bf0000, 0x05de0000)
 tenured generation   total 40588K, used 24352K [0x09f50000, 0x0c6f3000, 0x14a00000)
   the space 40588K,  59% used [0x09f50000, 0x0b7181f0, 0x0b718200, 0x0c6f3000)
 Metaspace       used 14654K, capacity 14786K, committed 14848K, reserved 15744K
Event: 22.675 GC heap after
Heap after GC invocations=23 (full 3):
 def new generation   total 18368K, used 1984K [0x04a00000, 0x05de0000, 0x09f50000)
  eden space 16384K,   0% used [0x04a00000, 0x04a00000, 0x05a00000)
  from space 1984K, 100% used [0x05bf0000, 0x05de0000, 0x05de0000)
  to   space 1984K,   0% used [0x05a00000, 0x05a00000, 0x05bf0000)
 tenured generation   total 40588K, used 25608K [0x09f50000, 0x0c6f3000, 0x14a00000)
   the space 40588K,  63% used [0x09f50000, 0x0b852220, 0x0b852400, 0x0c6f3000)
 Metaspace       used 14654K, capacity 14786K, committed 14848K, reserved 15744K
}
Event: 22.997 GC heap before
{Heap before GC invocations=23 (full 3):
 def new generation   total 18368K, used 18368K [0x04a00000, 0x05de0000, 0x09f50000)
  eden space 16384K, 100% used [0x04a00000, 0x05a00000, 0x05a00000)
  from space 1984K, 100% used [0x05bf0000, 0x05de0000, 0x05de0000)
  to   space 1984K,   0% used [0x05a00000, 0x05a00000, 0x05bf0000)
 tenured generation   total 40588K, used 25608K [0x09f50000, 0x0c6f3000, 0x14a00000)
   the space 40588K,  63% used [0x09f50000, 0x0b852220, 0x0b852400, 0x0c6f3000)
 Metaspace       used 14655K, capacity 14786K, committed 14848K, reserved 15744K
Event: 23.014 GC heap after
Heap after GC invocations=24 (full 3):
 def new generation   total 18368K, used 1984K [0x04a00000, 0x05de0000, 0x09f50000)
  eden space 16384K,   0% used [0x04a00000, 0x04a00000, 0x05a00000)
  from space 1984K, 100% used [0x05a00000, 0x05bf0000, 0x05bf0000)
  to   space 1984K,   0% used [0x05bf0000, 0x05bf0000, 0x05de0000)
 tenured generation   total 40588K, used 29709K [0x09f50000, 0x0c6f3000, 0x14a00000)
   the space 40588K,  73% used [0x09f50000, 0x0bc53508, 0x0bc53600, 0x0c6f3000)
 Metaspace       used 14655K, capacity 14786K, committed 14848K, reserved 15744K
}
Event: 24.151 GC heap before
{Heap before GC invocations=24 (full 3):
 def new generation   total 18368K, used 18368K [0x04a00000, 0x05de0000, 0x09f50000)
  eden space 16384K, 100% used [0x04a00000, 0x05a00000, 0x05a00000)
  from space 1984K, 100% used [0x05a00000, 0x05bf0000, 0x05bf0000)
  to   space 1984K,   0% used [0x05bf0000, 0x05bf0000, 0x05de0000)
 tenured generation   total 40588K, used 29709K [0x09f50000, 0x0c6f3000, 0x14a00000)
   the space 40588K,  73% used [0x09f50000, 0x0bc53508, 0x0bc53600, 0x0c6f3000)
 Metaspace       used 14655K, capacity 14786K, committed 14848K, reserved 15744K
Event: 24.180 GC heap after
Heap after GC invocations=25 (full 3):
 def new generation   total 18368K, used 1984K [0x04a00000, 0x05de0000, 0x09f50000)
  eden space 16384K,   0% used [0x04a00000, 0x04a00000, 0x05a00000)
  from space 1984K, 100% used [0x05bf0000, 0x05de0000, 0x05de0000)
  to   space 1984K,   0% used [0x05a00000, 0x05a00000, 0x05bf0000)
 tenured generation   total 40588K, used 40116K [0x09f50000, 0x0c6f3000, 0x14a00000)
   the space 40588K,  98% used [0x09f50000, 0x0c67d1e8, 0x0c67d200, 0x0c6f3000)
 Metaspace       used 14655K, capacity 14786K, committed 14848K, reserved 15744K
}

Deoptimization events (0 events):
No events

Internal exceptions (10 events):
Event: 5.890 Thread 0x01136400 Exception <a 'java/security/PrivilegedActionException'> (0x04a54b70) thrown at [D:\re\workspace\8-2-build-windows-i586-cygwin\jdk8\1760\hotspot\src\share\vm\prims\jvm.cpp, line 1248]
Event: 5.890 Thread 0x01136400 Exception <a 'java/security/PrivilegedActionException'> (0x04a57560) thrown at [D:\re\workspace\8-2-build-windows-i586-cygwin\jdk8\1760\hotspot\src\share\vm\prims\jvm.cpp, line 1248]
Event: 5.890 Thread 0x01136400 Exception <a 'java/security/PrivilegedActionException'> (0x04a58f20) thrown at [D:\re\workspace\8-2-build-windows-i586-cygwin\jdk8\1760\hotspot\src\share\vm\prims\jvm.cpp, line 1248]
Event: 9.214 Thread 0x01136400 Exception <a 'java/security/PrivilegedActionException'> (0x055dda88) thrown at [D:\re\workspace\8-2-build-windows-i586-cygwin\jdk8\1760\hotspot\src\share\vm\prims\jvm.cpp, line 1248]
Event: 9.215 Thread 0x01136400 Exception <a 'java/security/PrivilegedActionException'> (0x055df7d0) thrown at [D:\re\workspace\8-2-build-windows-i586-cygwin\jdk8\1760\hotspot\src\share\vm\prims\jvm.cpp, line 1248]
Event: 9.215 Thread 0x01136400 Exception <a 'java/security/PrivilegedActionException'> (0x055e2350) thrown at [D:\re\workspace\8-2-build-windows-i586-cygwin\jdk8\1760\hotspot\src\share\vm\prims\jvm.cpp, line 1248]
Event: 9.215 Thread 0x01136400 Exception <a 'java/security/PrivilegedActionException'> (0x055e3d10) thrown at [D:\re\workspace\8-2-build-windows-i586-cygwin\jdk8\1760\hotspot\src\share\vm\prims\jvm.cpp, line 1248]
Event: 22.182 Thread 0x01136400 Exception <a 'java/security/PrivilegedActionException'> (0x05951360) thrown at [D:\re\workspace\8-2-build-windows-i586-cygwin\jdk8\1760\hotspot\src\share\vm\prims\jvm.cpp, line 1248]
Event: 22.184 Thread 0x01136400 Exception <a 'java/security/PrivilegedActionException'> (0x0596fcc0) thrown at [D:\re\workspace\8-2-build-windows-i586-cygwin\jdk8\1760\hotspot\src\share\vm\prims\jvm.cpp, line 1248]
Event: 22.186 Thread 0x01136400 Exception <a 'java/security/PrivilegedActionException'> (0x0599fd48) thrown at [D:\re\workspace\8-2-build-windows-i586-cygwin\jdk8\1760\hotspot\src\share\vm\prims\jvm.cpp, line 1248]

Events (10 events):
Event: 23.874 Thread 0x21363c00 Thread exited: 0x21363c00
Event: 23.953 Thread 0x21283c00 Thread exited: 0x21283c00
Event: 24.015 Thread 0x21285000 Thread exited: 0x21285000
Event: 24.016 Thread 0x21284000 Thread exited: 0x21284000
Event: 24.021 Thread 0x21284800 Thread exited: 0x21284800
Event: 24.023 Thread 0x212d2800 Thread exited: 0x212d2800
Event: 24.035 Thread 0x212d3000 Thread exited: 0x212d3000
Event: 24.070 Thread 0x212d3400 Thread exited: 0x212d3400
Event: 24.151 Executing VM operation: GenCollectForAllocation
Event: 24.180 Executing VM operation: GenCollectForAllocation done


Dynamic libraries:
0x011b0000 - 0x011e0000 	C:\Program Files (x86)\Java\jdk1.8.0\bin\javaw.exe
0x771d0000 - 0x77350000 	C:\Windows\SysWOW64\ntdll.dll
0x76a20000 - 0x76b30000 	C:\Windows\syswow64\kernel32.dll
0x74c80000 - 0x74cc7000 	C:\Windows\syswow64\KERNELBASE.dll
0x75ca0000 - 0x75d40000 	C:\Windows\syswow64\ADVAPI32.dll
0x74ec0000 - 0x74f6c000 	C:\Windows\syswow64\msvcrt.dll
0x75f70000 - 0x75f89000 	C:\Windows\SysWOW64\sechost.dll
0x76b30000 - 0x76c20000 	C:\Windows\syswow64\RPCRT4.dll
0x74c20000 - 0x74c80000 	C:\Windows\syswow64\SspiCli.dll
0x74c10000 - 0x74c1c000 	C:\Windows\syswow64\CRYPTBASE.dll
0x74ce0000 - 0x74de0000 	C:\Windows\syswow64\USER32.dll
0x76d40000 - 0x76dd0000 	C:\Windows\syswow64\GDI32.dll
0x76090000 - 0x7609a000 	C:\Windows\syswow64\LPK.dll
0x74e20000 - 0x74ebd000 	C:\Windows\syswow64\USP10.dll
0x729f0000 - 0x72b8e000 	C:\Windows\WinSxS\x86_microsoft.windows.common-controls_6595b64144ccf1df_6.0.7601.17514_none_41e6975e2bd6f2b2\COMCTL32.dll
0x75fd0000 - 0x76027000 	C:\Windows\syswow64\SHLWAPI.dll
0x74f80000 - 0x74fe0000 	C:\Windows\system32\IMM32.DLL
0x75d50000 - 0x75e1c000 	C:\Windows\syswow64\MSCTF.dll
0x782c0000 - 0x7837f000 	C:\Program Files (x86)\Java\jdk1.8.0\jre\bin\msvcr100.dll
0x6c770000 - 0x6cb06000 	C:\Program Files (x86)\Java\jdk1.8.0\jre\bin\client\jvm.dll
0x72f60000 - 0x72f67000 	C:\Windows\system32\WSOCK32.dll
0x76540000 - 0x76575000 	C:\Windows\syswow64\WS2_32.dll
0x75f90000 - 0x75f96000 	C:\Windows\syswow64\NSI.dll
0x70260000 - 0x70292000 	C:\Windows\system32\WINMM.dll
0x74fe0000 - 0x74fe5000 	C:\Windows\syswow64\PSAPI.DLL
0x73c00000 - 0x73c0c000 	C:\Program Files (x86)\Java\jdk1.8.0\jre\bin\verify.dll
0x6e030000 - 0x6e051000 	C:\Program Files (x86)\Java\jdk1.8.0\jre\bin\java.dll
0x73920000 - 0x73933000 	C:\Program Files (x86)\Java\jdk1.8.0\jre\bin\zip.dll
0x75050000 - 0x75c9a000 	C:\Windows\syswow64\SHELL32.dll
0x760a0000 - 0x761fc000 	C:\Windows\syswow64\ole32.dll
0x72f50000 - 0x72f5b000 	C:\Windows\system32\profapi.dll
0x721f0000 - 0x72213000 	C:\Program Files (x86)\Java\jdk1.8.0\jre\bin\prism_d3d.dll
0x6f7e0000 - 0x6f9a3000 	C:\Windows\system32\d3d9.dll
0x73500000 - 0x73509000 	C:\Windows\system32\VERSION.dll
0x70150000 - 0x70156000 	C:\Windows\system32\d3d8thk.dll
0x72260000 - 0x72273000 	C:\Windows\system32\dwmapi.dll
0x72730000 - 0x727b0000 	C:\Windows\system32\uxtheme.dll
0x15430000 - 0x154c2000 	C:\Windows\system32\igdumdx32.dll
0x156c0000 - 0x15cd1000 	C:\Windows\system32\igdumd32.dll
0x70230000 - 0x70255000 	C:\Windows\system32\PowrProf.dll
0x767f0000 - 0x7698d000 	C:\Windows\syswow64\SETUPAPI.dll
0x75fa0000 - 0x75fc7000 	C:\Windows\syswow64\CFGMGR32.dll
0x76cb0000 - 0x76d3f000 	C:\Windows\syswow64\OLEAUT32.dll
0x75f50000 - 0x75f62000 	C:\Windows\syswow64\DEVOBJ.dll
0x6dd80000 - 0x6ddb3000 	C:\Program Files (x86)\Java\jdk1.8.0\jre\bin\glass.dll
0x76770000 - 0x767eb000 	C:\Windows\syswow64\COMDLG32.dll
0x738a0000 - 0x738b4000 	C:\Program Files (x86)\Java\jdk1.8.0\jre\bin\net.dll
0x73190000 - 0x731cc000 	C:\Windows\system32\mswsock.dll
0x73010000 - 0x73016000 	C:\Windows\System32\wship6.dll
0x72240000 - 0x7224f000 	C:\Program Files (x86)\Java\jdk1.8.0\jre\bin\javafx_font.dll
0x70440000 - 0x70575000 	C:\Windows\system32\dwrite.dll
0x19480000 - 0x1a416000 	C:\Program Files (x86)\Java\jdk1.8.0\jre\bin\jfxwebkit.dll
0x721a0000 - 0x721b6000 	C:\Windows\system32\CRYPTSP.dll
0x72160000 - 0x7219b000 	C:\Windows\system32\rsaenh.dll
0x744c0000 - 0x744cf000 	C:\Program Files (x86)\Java\jdk1.8.0\jre\bin\nio.dll
0x76990000 - 0x76a13000 	C:\Windows\syswow64\CLBCatQ.DLL
0x72280000 - 0x723b0000 	C:\Windows\system32\WindowsCodecs.dll
0x725c0000 - 0x7260c000 	C:\Windows\system32\apphelp.dll
0x6ccf0000 - 0x6cd21000 	C:\Windows\system32\EhStorShell.dll
0x723b0000 - 0x724a5000 	C:\Windows\system32\PROPSYS.dll
0x6cf10000 - 0x6d316000 	C:\PROGRA~2\MICROS~1\Office14\GROOVEEX.DLL
0x73710000 - 0x737b3000 	C:\Windows\WinSxS\x86_microsoft.vc90.crt_1fc8b3b9a1e18e3b_9.0.30729.6161_none_50934f2ebcb7eb57\MSVCR90.dll
0x71170000 - 0x711fe000 	C:\Windows\WinSxS\x86_microsoft.vc90.crt_1fc8b3b9a1e18e3b_9.0.30729.6161_none_50934f2ebcb7eb57\MSVCP90.dll
0x6cee0000 - 0x6cf0b000 	C:\Windows\WinSxS\x86_microsoft.vc90.atl_1fc8b3b9a1e18e3b_9.0.30729.6161_none_51cd0a7abbe4e19b\ATL90.DLL
0x73c40000 - 0x7405a000 	C:\PROGRA~2\COMMON~1\MICROS~1\OFFICE14\Cultures\office.odf
0x50550000 - 0x50ddb000 	C:\PROGRA~2\MICROS~1\Office14\1031\GrooveIntlResource.dll
0x6cc10000 - 0x6cc80000 	C:\Windows\system32\ntshrui.dll
0x734b0000 - 0x734c9000 	C:\Windows\system32\srvcli.dll
0x73080000 - 0x7308b000 	C:\Windows\system32\cscapi.dll
0x5e930000 - 0x5e93a000 	C:\Windows\system32\slc.dll
0x700e0000 - 0x70101000 	C:\Program Files (x86)\Common Files\Microsoft Shared\Ink\rtscom.dll
0x74520000 - 0x74867000 	C:\Windows\system32\d2d1.dll
0x6e8a0000 - 0x6ea15000 	C:\Windows\system32\d3d11.dll
0x70080000 - 0x700cc000 	C:\Windows\system32\dxgi.dll
0x5eb10000 - 0x5ecf9000 	C:\Windows\system32\D3D10Warp.dll
0x76740000 - 0x7676e000 	C:\Windows\syswow64\WINTRUST.dll
0x76410000 - 0x76530000 	C:\Windows\syswow64\CRYPT32.dll
0x75d40000 - 0x75d4c000 	C:\Windows\syswow64\MSASN1.dll
0x72230000 - 0x7223e000 	C:\Program Files (x86)\Java\jdk1.8.0\jre\bin\prism_common.dll
0x72610000 - 0x72630000 	C:\Program Files (x86)\Java\jdk1.8.0\jre\bin\sunec.dll
0x721c0000 - 0x721d7000 	C:\Windows\system32\USERENV.dll
0x73510000 - 0x7370c000 	C:\Program Files (x86)\Forefront TMG Client\FwcWsp.dll
0x734e0000 - 0x734f1000 	C:\Windows\system32\NETAPI32.dll
0x734d0000 - 0x734d9000 	C:\Windows\system32\netutils.dll
0x734a0000 - 0x734af000 	C:\Windows\system32\wkscli.dll
0x73490000 - 0x73499000 	C:\Windows\system32\DSROLE.DLL
0x725b0000 - 0x725c0000 	C:\Windows\system32\NLAapi.dll
0x725a0000 - 0x725b0000 	C:\Windows\system32\napinsp.dll
0x72580000 - 0x72592000 	C:\Windows\system32\pnrpnsp.dll
0x72fc0000 - 0x73004000 	C:\Windows\system32\DNSAPI.dll
0x72570000 - 0x72578000 	C:\Windows\System32\winrnr.dll
0x72560000 - 0x7256d000 	C:\Windows\system32\wshbth.dll
0x731f0000 - 0x732db000 	C:\Windows\system32\DBGHELP.DLL
0x73180000 - 0x73183000 	C:\Windows\system32\security.dll
0x73170000 - 0x73178000 	C:\Windows\system32\SECUR32.DLL
0x73140000 - 0x73148000 	C:\Windows\system32\credssp.dll
0x730f0000 - 0x73132000 	C:\Windows\SysWOW64\msv1_0.DLL
0x730d0000 - 0x730e1000 	C:\Windows\system32\cryptdll.dll
0x73150000 - 0x73155000 	C:\Windows\System32\wshtcpip.dll
0x73470000 - 0x7348c000 	C:\Windows\system32\IPHLPAPI.DLL
0x73460000 - 0x73467000 	C:\Windows\system32\WINNSI.DLL
0x72f70000 - 0x72fa8000 	C:\Windows\System32\fwpuclnt.dll
0x72fb0000 - 0x72fb6000 	C:\Windows\system32\rasadhlp.dll
0x744a0000 - 0x744a9000 	C:\Program Files (x86)\Java\jdk1.8.0\jre\bin\sunmscapi.dll
0x73bf0000 - 0x73bf8000 	C:\Program Files (x86)\Java\jdk1.8.0\jre\bin\w2k_lsa_auth.dll
0x731d0000 - 0x731e2000 	C:\Windows\system32\dhcpcsvc.DLL

VM Arguments:
jvm_args: -Dfile.encoding=UTF-8 
java_command: org.devel.jfxcontrols.sample.JFXControlsApp
java_class_path (initial): D:\DEVEL\PROJEKTE\JFXControls\git\JFXControls\bin;C:\Users\stefan.illgen\.gradle\caches\modules-2\files-2.1\commons-io\commons-io\2.4\b1b6ea3b7e4aa4f492509a4952029cd8e48019ad\commons-io-2.4.jar;C:\Users\stefan.illgen\.gradle\caches\modules-2\files-2.1\org.loadui\testFx\3.0.0\7141ce4f4d6d6bff46c5684c3d9b5cc8e9ed6071\testFx-3.0.0.jar;C:\Users\stefan.illgen\.gradle\caches\modules-2\files-2.1\junit\junit\4.11\4e031bb61df09069aeb2bffb4019e7a5034a4ee0\junit-4.11.jar;C:\Users\stefan.illgen\.gradle\caches\modules-2\files-2.1\com.google.guava\guava\14.0.1\69e12f4c6aeac392555f1ea86fab82b5e5e31ad4\guava-14.0.1.jar;C:\Users\stefan.illgen\.gradle\caches\modules-2\files-2.1\org.hamcrest\hamcrest-all\1.3\63a21ebc981131004ad02e0434e799fd7f3a8d5a\hamcrest-all-1.3.jar;C:\Users\stefan.illgen\.gradle\caches\modules-2\files-2.1\org.hamcrest\hamcrest-core\1.3\42a25dc3219429f0e5d060061f71acb49bf010a0\hamcrest-core-1.3.jar;C:\Program Files (x86)\Java\jdk1.8.0\jre\lib\ext\jfxrt.jar
Launcher Type: SUN_STANDARD

Environment Variables:
JAVA_HOME=c:\Program Files (x86)\Java\jdk1.8.0
PATH=c:/Program Files (x86)/Java/jdk1.8.0/bin/../jre/bin/client;c:/Program Files (x86)/Java/jdk1.8.0/bin/../jre/bin;c:/Program Files (x86)/Java/jdk1.8.0/bin/../jre/lib/i386;"c:\Program Files (x86)\Java\jdk1.8.0\bin";C:\Windows\system32;C:\Windows;C:\Windows\System32\Wbem;C:\Windows\System32\WindowsPowerShell\v1.0\;d:\DEVEL\ide\play-2.1.3;C:\Program Files (x86)\Heroku\bin;C:\Program Files (x86)\Git\cmd;C:\Program Files (x86)\Git\bin;C:\Users\stefan.illgen\AppData\Local\Google\Chrome\Application\chrome.exe;"d:\DEVEL\ide\apache-maven-3.0.5\bin";"D:\DEVEL\ide\atlassian-plugin-sdk\bin";"d:\DEVEL\ide\gradle-1.10\bin";D:\DEVEL\ide\atlassian-plugin-sdk\bin;d:\DEVEL\ide\eclipse-4.3.0-win32-efx-0.9;
USERNAME=stefan.illgen
OS=Windows_NT
PROCESSOR_IDENTIFIER=Intel64 Family 6 Model 37 Stepping 5, GenuineIntel



---------------  S Y S T E M  ---------------

OS: Windows 7 , 64 bit Build 7601 Service Pack 1

CPU:total 4 (2 cores per cpu, 2 threads per core) family 6 model 37 stepping 5, cmov, cx8, fxsr, mmx, sse, sse2, sse3, ssse3, sse4.1, sse4.2, popcnt, aes, clmul, ht, tsc, tscinvbit

Memory: 4k page, physical 3984808k(840168k free), swap 7967752k(1268124k free)

vm_info: Java HotSpot(TM) Client VM (25.0-b69) for windows-x86 JRE (1.8.0-b128), built on Feb  1 2014 08:41:42 by "java_re" with MS VC++ 10.0 (VS2010)

time: Mon Feb 10 20:15:49 2014
elapsed time: 24 seconds

